<?xml version="1.0" encoding="UTF-8"?>
<!-- Generated by org.testng.reporters.JUnitXMLReporter -->
<testsuite hostname="DESKTOP-SOPHNU0" ignored="0" name="Command line test" tests="3" failures="0" timestamp="2021-10-29T12:57:03 MSK" time="110.674" errors="0">
  <testcase name="checkEmailEstimate" time="103.473" classname="test.GoogleCloudTest"/>
  <testcase name="checkAvailableCloudPage" time="0.223" classname="test.HomePagesAvailableTest"/>
  <testcase name="checkAvailableTemporaryEmailPage" time="0.099" classname="test.HomePagesAvailableTest"/>
</testsuite> <!-- Command line test -->
