<?xml version="1.0" encoding="UTF-8"?>
<!-- Generated by org.testng.reporters.JUnitXMLReporter -->
<testsuite hostname="DESKTOP-SOPHNU0" ignored="0" name="Command line test" tests="3" failures="0" timestamp="2021-11-01T20:37:02 MSK" time="93.005" errors="0">
  <testcase name="GoogleCloudTest" time="79.249" classname="test.GoogleCloudTest"/>
  <testcase name="checkAvailableCloudPage" time="0.233" classname="test.HomePagesAvailableTest"/>
  <testcase name="checkAvailableTemporaryEmailPage" time="0.035" classname="test.HomePagesAvailableTest"/>
</testsuite> <!-- Command line test -->
