<?xml version="1.0" encoding="UTF-8"?>
<testsuite xmlns:xsi="http://www.w3.org/2001/XMLSchema-instance" xsi:noNamespaceSchemaLocation="https://maven.apache.org/surefire/maven-surefire-plugin/xsd/surefire-test-report-3.0.xsd" version="3.0" name="TestSuite" time="101.457" tests="1" errors="0" skipped="0" failures="0">
  <properties>
[...]
</properties>
  <testcase name="checkEmailEstimateCost" classname="test.GoogleCloudTest" time="92.603">
    <system-out><![CDATA[[TestNGContentHandler] [WARN] It is strongly recommended to add "<!DOCTYPE suite SYSTEM "http://testng.org/testng-1.0.dtd" >" at the top of your file, otherwise TestNG may fail or not work as expected.
2021-11-04 15:04:26 [main] INFO  :27 - page opened
2021-11-04 15:04:27 [main] INFO  :36 - searchingGoogle Cloud Platform Pricing Calculator
2021-11-04 15:04:50 [main] INFO  :26 - Moved to PricingCalculatorPageFrame
2021-11-04 15:05:01 [main] INFO  :95 - Moved to PricingCalculatorPageFrame
2021-11-04 15:05:01 [main] INFO  :103 - Entered instances
2021-11-04 15:05:02 [main] INFO  :110 - Entered Operation Systemfree
2021-11-04 15:05:02 [main] INFO  :117 - Entered Machine Classregular
2021-11-04 15:05:03 [main] INFO  :124 - Entered Seriesn1
2021-11-04 15:05:04 [main] INFO  :131 - Entered MachineTypeCP-COMPUTEENGINE-VMIMAGE-N1-STANDARD-8
2021-11-04 15:05:04 [main] INFO  :137 - Entered addGPUs
2021-11-04 15:05:05 [main] INFO  :144 - Entered Number GPUs1
2021-11-04 15:05:06 [main] INFO  :151 - Entered Type GPUNVIDIA_TESLA_V100
2021-11-04 15:05:07 [main] INFO  :158 - Entered Local SSD2
2021-11-04 15:05:08 [main] INFO  :165 - Entered Datacenter Locationeurope-west3
2021-11-04 15:05:09 [main] INFO  :172 - Entered Committed Usage1
2021-11-04 15:05:09 [main] INFO  :178 - Entered Add To Estimate
USD 1,085.25
2021-11-04 15:05:09 [main] INFO  :184 - Entered save Result Estimate
2021-11-04 15:05:10 [main] INFO  :190 - Entered press Button EmailEstimate
2021-11-04 15:05:10 [main] INFO  :196 - open New Tab
2021-11-04 15:05:28 [main] INFO  :31 - page opened
2021-11-04 15:05:28 [main] INFO  :37 - copy Email Address
2021-11-04 15:05:28 [main] INFO  :43 - come back to Calculator
2021-11-04 15:05:28 [main] INFO  :203 - enter Email
2021-11-04 15:05:28 [main] INFO  :209 - press Button Send Email
2021-11-04 15:05:28 [main] INFO  :215 - return to Page Email
2021-11-04 15:05:38 [main] INFO  :49 - press Check Mail Button
]]></system-out>
    <system-err><![CDATA[SLF4J: Failed to load class "org.slf4j.impl.StaticLoggerBinder".
SLF4J: Defaulting to no-operation (NOP) logger implementation
SLF4J: See http://www.slf4j.org/codes.html#StaticLoggerBinder for further details.
Starting ChromeDriver 95.0.4638.54 (d31a821ec901f68d0d34ccdbaea45b4c86ce543e-refs/branch-heads/4638@{#871}) on port 47168
Only local connections are allowed.
Please see https://chromedriver.chromium.org/security-considerations for suggestions on keeping ChromeDriver safe.
ChromeDriver was started successfully.
ноя 04, 2021 3:04:06 PM org.openqa.selenium.remote.ProtocolHandshake createSession
INFO: Detected dialect: W3C
]]></system-err>
  </testcase>
</testsuite>