<?xml version="1.0" encoding="UTF-8"?>
<testsuite xmlns:xsi="http://www.w3.org/2001/XMLSchema-instance" xsi:noNamespaceSchemaLocation="https://maven.apache.org/surefire/maven-surefire-plugin/xsd/surefire-test-report-3.0.xsd" version="3.0" name="TestSuite" time="144.23" tests="1" errors="0" skipped="0" failures="1">
  <properties>
[...]
</properties>
  <testcase name="checkEmailEstimateCost" classname="test.GoogleCloudTest" time="101.683">
    <failure message="element click intercepted: Element is not clickable at point (521, 825)&#10;  (Session info: chrome=95.0.4638.69)&#10;Build info: version: &apos;4.0.0-beta-1&apos;, revision: &apos;9c03156c2b&apos;&#10;System info: host: &apos;DESKTOP-SOPHNU0&apos;, ip: &apos;192.168.200.67&apos;, os.name: &apos;Windows 10&apos;, os.arch: &apos;amd64&apos;, os.version: &apos;10.0&apos;, java.version: &apos;1.8.0_281&apos;&#10;Driver info: org.openqa.selenium.chrome.ChromeDriver&#10;Command: [7ffa5c0431e8b05eb4f0b743034d37eb, clickElement {id=4b25be83-66c3-451c-864a-6a3cbb0ff654}]&#10;Capabilities {acceptInsecureCerts: false, browserName: chrome, browserVersion: 95.0.4638.69, chrome: {chromedriverVersion: 95.0.4638.54 (d31a821ec901f..., userDataDir: C:\Users\UZER\AppData\Local...}, goog:chromeOptions: {debuggerAddress: localhost:49780}, javascriptEnabled: true, networkConnectionEnabled: false, pageLoadStrategy: normal, platform: WINDOWS, platformName: WINDOWS, proxy: Proxy(), setWindowRect: true, strictFileInteractability: false, timeouts: {implicit: 0, pageLoad: 300000, script: 30000}, unhandledPromptBehavior: dismiss and notify, webauthn:extension:credBlob: true, webauthn:extension:largeBlob: true, webauthn:virtualAuthenticators: true}&#10;Element: [[ChromeDriver: chrome on WINDOWS (7ffa5c0431e8b05eb4f0b743034d37eb)] -&gt; xpath: //md-select[@placeholder=&apos;Local SSD&apos;]]&#10;Session ID: 7ffa5c0431e8b05eb4f0b743034d37eb" type="org.openqa.selenium.ElementClickInterceptedException"><![CDATA[org.openqa.selenium.ElementClickInterceptedException: 
element click intercepted: Element is not clickable at point (521, 825)
  (Session info: chrome=95.0.4638.69)
Build info: version: '4.0.0-beta-1', revision: '9c03156c2b'
System info: host: 'DESKTOP-SOPHNU0', ip: '192.168.200.67', os.name: 'Windows 10', os.arch: 'amd64', os.version: '10.0', java.version: '1.8.0_281'
Driver info: org.openqa.selenium.chrome.ChromeDriver
Command: [7ffa5c0431e8b05eb4f0b743034d37eb, clickElement {id=4b25be83-66c3-451c-864a-6a3cbb0ff654}]
Capabilities {acceptInsecureCerts: false, browserName: chrome, browserVersion: 95.0.4638.69, chrome: {chromedriverVersion: 95.0.4638.54 (d31a821ec901f..., userDataDir: C:\Users\UZER\AppData\Local...}, goog:chromeOptions: {debuggerAddress: localhost:49780}, javascriptEnabled: true, networkConnectionEnabled: false, pageLoadStrategy: normal, platform: WINDOWS, platformName: WINDOWS, proxy: Proxy(), setWindowRect: true, strictFileInteractability: false, timeouts: {implicit: 0, pageLoad: 300000, script: 30000}, unhandledPromptBehavior: dismiss and notify, webauthn:extension:credBlob: true, webauthn:extension:largeBlob: true, webauthn:virtualAuthenticators: true}
Element: [[ChromeDriver: chrome on WINDOWS (7ffa5c0431e8b05eb4f0b743034d37eb)] -> xpath: //md-select[@placeholder='Local SSD']]
Session ID: 7ffa5c0431e8b05eb4f0b743034d37eb
	at test.GoogleCloudTest.checkEmailEstimateCost(GoogleCloudTest.java:30)
]]></failure>
    <system-out><![CDATA[2021-11-04 13:42:23 [main] INFO  :27 - page opened
2021-11-04 13:42:25 [main] INFO  :36 - searchingGoogle Cloud Platform Pricing Calculator
2021-11-04 13:42:51 [main] INFO  :26 - Moved to PricingCalculatorPageFrame
2021-11-04 13:43:11 [main] INFO  :95 - Moved to PricingCalculatorPageFrame
2021-11-04 13:43:11 [main] INFO  :103 - Entered instances
2021-11-04 13:43:12 [main] INFO  :110 - Entered Operation Systemfree
2021-11-04 13:43:13 [main] INFO  :117 - Entered Machine Classregular
2021-11-04 13:43:14 [main] INFO  :124 - Entered Seriesn1
2021-11-04 13:43:15 [main] INFO  :131 - Entered MachineTypeCP-COMPUTEENGINE-VMIMAGE-N1-STANDARD-8
2021-11-04 13:43:15 [main] INFO  :137 - Entered addGPUs
2021-11-04 13:43:16 [main] INFO  :144 - Entered Number GPUs1
2021-11-04 13:43:17 [main] INFO  :151 - Entered Type GPUNVIDIA_TESLA_V100
]]></system-out>
    <system-err><![CDATA[SLF4J: Failed to load class "org.slf4j.impl.StaticLoggerBinder".
SLF4J: Defaulting to no-operation (NOP) logger implementation
SLF4J: See http://www.slf4j.org/codes.html#StaticLoggerBinder for further details.
Starting ChromeDriver 95.0.4638.54 (d31a821ec901f68d0d34ccdbaea45b4c86ce543e-refs/branch-heads/4638@{#871}) on port 3672
Only local connections are allowed.
Please see https://chromedriver.chromium.org/security-considerations for suggestions on keeping ChromeDriver safe.
ChromeDriver was started successfully.
ноя 04, 2021 1:41:37 PM org.openqa.selenium.remote.ProtocolHandshake createSession
INFO: Detected dialect: W3C
ноя 04, 2021 1:41:38 PM org.openqa.selenium.devtools.CdpVersionFinder findNearestMatch
WARNING: Unable to find an exact match for CDP version 95, so returning the closest version found: a no-op implementation
ноя 04, 2021 1:41:38 PM org.openqa.selenium.devtools.CdpVersionFinder findNearestMatch
INFO: Unable to find CDP implementation matching 95.
ноя 04, 2021 1:41:38 PM org.openqa.selenium.chromium.ChromiumDriver lambda$new$0
WARNING: Unable to find version of CDP to use for . You may need to include a dependency on a specific version of the CDP using something similar to `org.seleniumhq.selenium:selenium-devtools-v86:4.0.0-beta-1` where the version ("v86") matches the version of the chromium-based browser you're using and the version number of the artifact is the same as Selenium's.
]]></system-err>
  </testcase>
</testsuite>