<?xml version="1.0" encoding="UTF-8"?>
<testng-results skipped="0" failed="0" ignored="0" total="1" passed="1">
  <reporter-output>
  </reporter-output>
  <suite name="Smoke" duration-ms="98911" started-at="2021-11-02T12:28:00 MSK" finished-at="2021-11-02T12:29:39 MSK">
    <groups>
    </groups>
    <test name="Smoke" duration-ms="98911" started-at="2021-11-02T12:28:00 MSK" finished-at="2021-11-02T12:29:39 MSK">
      <class name="test.GoogleCloudTest">
        <test-method status="PASS" signature="browserSetup()[pri:0, instance:test.GoogleCloudTest@6f195bc3]" name="browserSetup" is-config="true" duration-ms="10639" started-at="2021-11-02T12:28:00 MSK" finished-at="2021-11-02T12:28:11 MSK">
          <reporter-output>
          </reporter-output>
        </test-method> <!-- browserSetup -->
        <test-method status="PASS" signature="GoogleCloudTest()[pri:0, instance:test.GoogleCloudTest@6f195bc3]" name="GoogleCloudTest" duration-ms="86644" started-at="2021-11-02T12:28:11 MSK" description="get a letter with the results of processing the request" finished-at="2021-11-02T12:29:37 MSK">
          <reporter-output>
          </reporter-output>
        </test-method> <!-- GoogleCloudTest -->
        <test-method status="PASS" signature="browserTearDown()[pri:0, instance:test.GoogleCloudTest@6f195bc3]" name="browserTearDown" is-config="true" duration-ms="1578" started-at="2021-11-02T12:29:37 MSK" finished-at="2021-11-02T12:29:39 MSK">
          <reporter-output>
          </reporter-output>
        </test-method> <!-- browserTearDown -->
      </class> <!-- test.GoogleCloudTest -->
    </test> <!-- Smoke -->
  </suite> <!-- Smoke -->
</testng-results>
